[INFO] Scanning for projects...
[INFO] Reactor build order: 
[INFO]   iamzhongyong
[INFO]   rpc-common
[INFO]   rpc-web
[INFO] Searching repository for plugin with prefix: 'dependency'.
[INFO] ------------------------------------------------------------------------
[INFO] Building iamzhongyong
[INFO]    task-segment: [compile, dependency:tree]
[INFO] ------------------------------------------------------------------------
[INFO] No goals needed for project - skipping
[INFO] [dependency:tree {execution: default-cli}]
[INFO] rpc:rpc:pom:1.0.0-SNAPSHOT
[INFO] +- com.caucho:hessian:jar:4.0.7:compile
[INFO] +- org.apache.cxf:cxf-rt-frontend-jaxws:jar:2.2.3:compile
[INFO] |  +- xml-resolver:xml-resolver:jar:1.2:compile
[INFO] |  +- org.apache.geronimo.specs:geronimo-jaxws_2.1_spec:jar:1.0:compile
[INFO] |  |  \- org.apache.geronimo.specs:geronimo-activation_1.1_spec:jar:1.0.2:compile
[INFO] |  +- org.apache.geronimo.specs:geronimo-ws-metadata_2.0_spec:jar:1.1.2:compile
[INFO] |  +- asm:asm:jar:2.2.3:compile
[INFO] |  +- org.apache.cxf:cxf-api:jar:2.2.3:compile
[INFO] |  |  +- org.apache.cxf:cxf-common-utilities:jar:2.2.3:compile
[INFO] |  |  |  +- org.apache.geronimo.specs:geronimo-stax-api_1.0_spec:jar:1.0.1:compile
[INFO] |  |  |  \- wsdl4j:wsdl4j:jar:1.6.2:compile
[INFO] |  |  +- org.apache.ws.commons.schema:XmlSchema:jar:1.4.5:compile
[INFO] |  |  +- org.apache.geronimo.specs:geronimo-annotation_1.0_spec:jar:1.1.1:compile
[INFO] |  |  +- org.codehaus.woodstox:wstx-asl:jar:3.2.8:compile
[INFO] |  |  +- org.apache.neethi:neethi:jar:2.0.4:compile
[INFO] |  |  \- org.apache.cxf:cxf-common-schemas:jar:2.2.3:compile
[INFO] |  +- org.apache.cxf:cxf-rt-core:jar:2.2.3:compile
[INFO] |  |  +- com.sun.xml.bind:jaxb-impl:jar:2.1.12:compile
[INFO] |  |  +- org.apache.geronimo.specs:geronimo-javamail_1.4_spec:jar:1.6:compile
[INFO] |  |  \- com.sun.xml.fastinfoset:FastInfoset:jar:1.2.7:compile
[INFO] |  +- org.apache.cxf:cxf-rt-bindings-soap:jar:2.2.3:compile
[INFO] |  |  +- org.apache.cxf:cxf-tools-common:jar:2.2.3:compile
[INFO] |  |  +- org.apache.cxf:cxf-rt-databinding-jaxb:jar:2.2.3:compile
[INFO] |  |  \- javax.xml.bind:jaxb-api:jar:2.1:compile
[INFO] |  +- org.apache.cxf:cxf-rt-bindings-xml:jar:2.2.3:compile
[INFO] |  +- org.apache.cxf:cxf-rt-frontend-simple:jar:2.2.3:compile
[INFO] |  +- org.apache.cxf:cxf-rt-ws-addr:jar:2.2.3:compile
[INFO] |  +- javax.xml.soap:saaj-api:jar:1.3:compile
[INFO] |  \- com.sun.xml.messaging.saaj:saaj-impl:jar:1.3.2:compile
[INFO] +- org.apache.cxf:cxf-rt-transports-http:jar:2.2.3:compile
[INFO] +- org.apache.cxf:cxf-rt-transports-http-jetty:jar:2.2.3:compile
[INFO] |  +- org.springframework:spring-web:jar:2.5.5:compile
[INFO] |  |  +- org.springframework:spring-beans:jar:2.5.5:compile
[INFO] |  |  +- org.springframework:spring-context:jar:2.5.5:compile
[INFO] |  |  |  \- aopalliance:aopalliance:jar:1.0:compile
[INFO] |  |  \- org.springframework:spring-core:jar:2.5.5:compile
[INFO] |  +- org.mortbay.jetty:jetty:jar:6.1.19:compile
[INFO] |  |  \- org.mortbay.jetty:jetty-util:jar:6.1.19:compile
[INFO] |  \- org.apache.geronimo.specs:geronimo-servlet_2.5_spec:jar:1.2:compile
[INFO] +- org.slf4j:slf4j-api:jar:1.6.1:compile
[INFO] +- org.slf4j:slf4j-log4j12:jar:1.6.1:compile
[INFO] +- log4j:log4j:jar:1.2.14:compile
[INFO] +- com.google.guava:guava:jar:16.0.1:compile
[INFO] +- commons-beanutils:commons-beanutils:jar:1.9.1:compile
[INFO] +- commons-lang:commons-lang:jar:2.6:compile
[INFO] +- commons-logging:commons-logging:jar:1.1.3:compile
[INFO] +- commons-collections:commons-collections:jar:3.2.1:compile
[INFO] +- junit:junit:jar:4.11:test
[INFO] \- org.hamcrest:hamcrest-core:jar:1.3:test
[INFO] ------------------------------------------------------------------------
[INFO] Building rpc-common
[INFO]    task-segment: [compile, dependency:tree]
[INFO] ------------------------------------------------------------------------
[debug] execute contextualize
[INFO] [resources:resources {execution: default-resources}]
[INFO] Using 'GBK' encoding to copy filtered resources.
[INFO] skip non existing resourceDirectory D:\git\rpc\web\common\src\main\resources
[INFO] [compiler:compile {execution: default-compile}]
[INFO] Nothing to compile - all classes are up to date
[INFO] [dependency:tree {execution: default-cli}]
[INFO] rpc:rpc-common:jar:1.0.0-SNAPSHOT
[INFO] +- com.alibaba:fastjson:jar:1.1.39:compile
[INFO] +- com.caucho:hessian:jar:4.0.7:compile
[INFO] +- org.apache.cxf:cxf-rt-frontend-jaxws:jar:2.2.3:compile
[INFO] |  +- xml-resolver:xml-resolver:jar:1.2:compile
[INFO] |  +- org.apache.geronimo.specs:geronimo-jaxws_2.1_spec:jar:1.0:compile
[INFO] |  |  \- org.apache.geronimo.specs:geronimo-activation_1.1_spec:jar:1.0.2:compile
[INFO] |  +- org.apache.geronimo.specs:geronimo-ws-metadata_2.0_spec:jar:1.1.2:compile
[INFO] |  +- asm:asm:jar:2.2.3:compile
[INFO] |  +- org.apache.cxf:cxf-api:jar:2.2.3:compile
[INFO] |  |  +- org.apache.cxf:cxf-common-utilities:jar:2.2.3:compile
[INFO] |  |  |  +- org.apache.geronimo.specs:geronimo-stax-api_1.0_spec:jar:1.0.1:compile
[INFO] |  |  |  \- wsdl4j:wsdl4j:jar:1.6.2:compile
[INFO] |  |  +- org.apache.ws.commons.schema:XmlSchema:jar:1.4.5:compile
[INFO] |  |  +- org.apache.geronimo.specs:geronimo-annotation_1.0_spec:jar:1.1.1:compile
[INFO] |  |  +- org.codehaus.woodstox:wstx-asl:jar:3.2.8:compile
[INFO] |  |  +- org.apache.neethi:neethi:jar:2.0.4:compile
[INFO] |  |  \- org.apache.cxf:cxf-common-schemas:jar:2.2.3:compile
[INFO] |  +- org.apache.cxf:cxf-rt-core:jar:2.2.3:compile
[INFO] |  |  +- com.sun.xml.bind:jaxb-impl:jar:2.1.12:compile
[INFO] |  |  +- org.apache.geronimo.specs:geronimo-javamail_1.4_spec:jar:1.6:compile
[INFO] |  |  \- com.sun.xml.fastinfoset:FastInfoset:jar:1.2.7:compile
[INFO] |  +- org.apache.cxf:cxf-rt-bindings-soap:jar:2.2.3:compile
[INFO] |  |  +- org.apache.cxf:cxf-tools-common:jar:2.2.3:compile
[INFO] |  |  +- org.apache.cxf:cxf-rt-databinding-jaxb:jar:2.2.3:compile
[INFO] |  |  \- javax.xml.bind:jaxb-api:jar:2.1:compile
[INFO] |  +- org.apache.cxf:cxf-rt-bindings-xml:jar:2.2.3:compile
[INFO] |  +- org.apache.cxf:cxf-rt-frontend-simple:jar:2.2.3:compile
[INFO] |  +- org.apache.cxf:cxf-rt-ws-addr:jar:2.2.3:compile
[INFO] |  +- javax.xml.soap:saaj-api:jar:1.3:compile
[INFO] |  \- com.sun.xml.messaging.saaj:saaj-impl:jar:1.3.2:compile
[INFO] +- org.apache.cxf:cxf-rt-transports-http:jar:2.2.3:compile
[INFO] +- org.apache.cxf:cxf-rt-transports-http-jetty:jar:2.2.3:compile
[INFO] |  +- org.springframework:spring-web:jar:2.5.5:compile
[INFO] |  |  +- org.springframework:spring-beans:jar:2.5.5:compile
[INFO] |  |  +- org.springframework:spring-context:jar:2.5.5:compile
[INFO] |  |  |  \- aopalliance:aopalliance:jar:1.0:compile
[INFO] |  |  \- org.springframework:spring-core:jar:2.5.5:compile
[INFO] |  +- org.mortbay.jetty:jetty:jar:6.1.19:compile
[INFO] |  |  \- org.mortbay.jetty:jetty-util:jar:6.1.19:compile
[INFO] |  \- org.apache.geronimo.specs:geronimo-servlet_2.5_spec:jar:1.2:compile
[INFO] +- org.slf4j:slf4j-api:jar:1.6.1:compile
[INFO] +- org.slf4j:slf4j-log4j12:jar:1.6.1:compile
[INFO] +- log4j:log4j:jar:1.2.14:compile
[INFO] +- com.google.guava:guava:jar:16.0.1:compile
[INFO] +- commons-beanutils:commons-beanutils:jar:1.9.1:compile
[INFO] +- commons-lang:commons-lang:jar:2.6:compile
[INFO] +- commons-logging:commons-logging:jar:1.1.3:compile
[INFO] +- commons-collections:commons-collections:jar:3.2.1:compile
[INFO] +- junit:junit:jar:4.11:test
[INFO] \- org.hamcrest:hamcrest-core:jar:1.3:test
[INFO] ------------------------------------------------------------------------
[INFO] Building rpc-web
[INFO]    task-segment: [compile, dependency:tree]
[INFO] ------------------------------------------------------------------------
[debug] execute contextualize
[INFO] [resources:resources {execution: default-resources}]
[INFO] Using 'GBK' encoding to copy filtered resources.
[INFO] Copying 0 resource
[INFO] [compiler:compile {execution: default-compile}]
[INFO] Nothing to compile - all classes are up to date
[INFO] [dependency:tree {execution: default-cli}]
[INFO] rpc:rpc-web:war:1.0.0-SNAPSHOT
[INFO] +- active project artifact:
[INFO] 	artifact = active project artifact:
[INFO] 	artifact = rpc:rpc-common:jar:1.0.0-SNAPSHOT:compile;
[INFO] 	project: MavenProject: rpc:rpc-common:1.0.0-SNAPSHOT @ D:\git\rpc\web\common\pom.xml;
[INFO] 	project: MavenProject: rpc:rpc-common:1.0.0-SNAPSHOT @ D:\git\rpc\web\common\pom.xml
[INFO] |  \- com.alibaba:fastjson:jar:1.1.39:compile
[INFO] +- javax.servlet:servlet-api:jar:2.5:provided
[INFO] +- org.springframework:spring:jar:2.5.6.SEC03:compile
[INFO] +- com.alibaba.citrus:citrus-webx-all-in-one:jar:3.0.6:compile
[INFO] |  +- org.slf4j:jcl-over-slf4j:jar:1.6.1:compile
[INFO] |  +- cglib:cglib-nodep:jar:2.2:compile
[INFO] |  +- org.springframework:spring-core:jar:2.5.6.SEC03:compile
[INFO] |  +- org.springframework:spring-beans:jar:2.5.6.SEC03:compile
[INFO] |  +- org.springframework:spring-aop:jar:2.5.6.SEC03:compile
[INFO] |  +- aopalliance:aopalliance:jar:1.0:compile
[INFO] |  +- org.springframework:spring-context:jar:2.5.6.SEC03:compile
[INFO] |  +- org.springframework:spring-context-support:jar:2.5.6.SEC03:compile
[INFO] |  +- org.springframework:spring-tx:jar:2.5.6.SEC03:compile
[INFO] |  +- org.springframework:spring-jdbc:jar:2.5.6.SEC03:compile
[INFO] |  +- org.springframework:spring-orm:jar:2.5.6.SEC03:compile
[INFO] |  +- org.springframework:spring-web:jar:2.5.6.SEC03:compile
[INFO] |  +- org.springframework:spring-webmvc:jar:2.5.6.SEC03:compile
[INFO] |  +- commons-fileupload:commons-fileupload:jar:1.2.1:compile
[INFO] |  \- org.codehaus.groovy:groovy-all:jar:2.2.1:runtime (version managed from 1.6.3)
[INFO] +- org.apache.velocity:velocity:jar:1.6.4:compile
[INFO] |  \- oro:oro:jar:2.0.8:compile
[INFO] +- dom4j:dom4j:jar:1.6.1:compile
[INFO] +- com.caucho:hessian:jar:4.0.7:compile
[INFO] +- org.apache.cxf:cxf-rt-frontend-jaxws:jar:2.2.3:compile
[INFO] |  +- xml-resolver:xml-resolver:jar:1.2:compile
[INFO] |  +- org.apache.geronimo.specs:geronimo-jaxws_2.1_spec:jar:1.0:compile
[INFO] |  |  \- org.apache.geronimo.specs:geronimo-activation_1.1_spec:jar:1.0.2:compile
[INFO] |  +- org.apache.geronimo.specs:geronimo-ws-metadata_2.0_spec:jar:1.1.2:compile
[INFO] |  +- asm:asm:jar:2.2.3:compile
[INFO] |  +- org.apache.cxf:cxf-api:jar:2.2.3:compile
[INFO] |  |  +- org.apache.cxf:cxf-common-utilities:jar:2.2.3:compile
[INFO] |  |  |  +- org.apache.geronimo.specs:geronimo-stax-api_1.0_spec:jar:1.0.1:compile
[INFO] |  |  |  \- wsdl4j:wsdl4j:jar:1.6.2:compile
[INFO] |  |  +- org.apache.ws.commons.schema:XmlSchema:jar:1.4.5:compile
[INFO] |  |  +- org.apache.geronimo.specs:geronimo-annotation_1.0_spec:jar:1.1.1:compile
[INFO] |  |  +- org.codehaus.woodstox:wstx-asl:jar:3.2.8:compile
[INFO] |  |  +- org.apache.neethi:neethi:jar:2.0.4:compile
[INFO] |  |  \- org.apache.cxf:cxf-common-schemas:jar:2.2.3:compile
[INFO] |  +- org.apache.cxf:cxf-rt-core:jar:2.2.3:compile
[INFO] |  |  +- com.sun.xml.bind:jaxb-impl:jar:2.1.12:compile
[INFO] |  |  +- org.apache.geronimo.specs:geronimo-javamail_1.4_spec:jar:1.6:compile
[INFO] |  |  \- com.sun.xml.fastinfoset:FastInfoset:jar:1.2.7:compile
[INFO] |  +- org.apache.cxf:cxf-rt-bindings-soap:jar:2.2.3:compile
[INFO] |  |  +- org.apache.cxf:cxf-tools-common:jar:2.2.3:compile
[INFO] |  |  +- org.apache.cxf:cxf-rt-databinding-jaxb:jar:2.2.3:compile
[INFO] |  |  \- javax.xml.bind:jaxb-api:jar:2.1:compile
[INFO] |  +- org.apache.cxf:cxf-rt-bindings-xml:jar:2.2.3:compile
[INFO] |  +- org.apache.cxf:cxf-rt-frontend-simple:jar:2.2.3:compile
[INFO] |  +- org.apache.cxf:cxf-rt-ws-addr:jar:2.2.3:compile
[INFO] |  +- javax.xml.soap:saaj-api:jar:1.3:compile
[INFO] |  \- com.sun.xml.messaging.saaj:saaj-impl:jar:1.3.2:compile
[INFO] +- org.apache.cxf:cxf-rt-transports-http:jar:2.2.3:compile
[INFO] +- org.apache.cxf:cxf-rt-transports-http-jetty:jar:2.2.3:compile
[INFO] |  +- org.mortbay.jetty:jetty:jar:6.1.19:compile
[INFO] |  |  \- org.mortbay.jetty:jetty-util:jar:6.1.19:compile
[INFO] |  \- org.apache.geronimo.specs:geronimo-servlet_2.5_spec:jar:1.2:compile
[INFO] +- org.slf4j:slf4j-api:jar:1.6.1:compile
[INFO] +- org.slf4j:slf4j-log4j12:jar:1.6.1:compile
[INFO] +- log4j:log4j:jar:1.2.14:compile
[INFO] +- com.google.guava:guava:jar:16.0.1:compile
[INFO] +- commons-beanutils:commons-beanutils:jar:1.9.1:compile
[INFO] +- commons-lang:commons-lang:jar:2.6:compile
[INFO] +- commons-logging:commons-logging:jar:1.1.3:compile
[INFO] +- commons-collections:commons-collections:jar:3.2.1:compile
[INFO] +- junit:junit:jar:4.11:test
[INFO] \- org.hamcrest:hamcrest-core:jar:1.3:test
[INFO] 
[INFO] 
[INFO] ------------------------------------------------------------------------
[INFO] Reactor Summary:
[INFO] ------------------------------------------------------------------------
[INFO] iamzhongyong .......................................... SUCCESS [1.409s]
[INFO] rpc-common ............................................ SUCCESS [0.260s]
[INFO] rpc-web ............................................... SUCCESS [0.193s]
[INFO] ------------------------------------------------------------------------
[INFO] ------------------------------------------------------------------------
[INFO] BUILD SUCCESSFUL
[INFO] ------------------------------------------------------------------------
[INFO] Total time: 2 seconds
[INFO] Finished at: Thu Mar 13 10:03:40 CST 2014
[INFO] Final Memory: 33M/494M
[INFO] ------------------------------------------------------------------------
